<?xml version="1.0" encoding="UTF-8"?>
<!-- Generated by org.testng.reporters.JUnitReportReporter -->
<testsuite hostname="pratik" failures="0" tests="1" name="com.hrms.testscripts.TC002" time="7.007" errors="0" timestamp="2023-09-07T18:03:14 IST" skipped="0">
  <testcase classname="com.hrms.testscripts.TC002" name="tc002" time="7.007">
    <system-out>
      <![CDATA[Application Opened]]>
    </system-out>
  </testcase> <!-- tc002 -->
  <system-out>
    <![CDATA[Application Opened
Application Opened]]>
  </system-out>
</testsuite> <!-- com.hrms.testscripts.TC002 -->
