<?xml version="1.0" encoding="UTF-8"?>
<!-- Generated by org.testng.reporters.JUnitReportReporter -->
<testsuite hostname="pratik" failures="0" tests="1" name="com.hrms.testscripts.TC001" time="5.308" errors="0" timestamp="2023-09-08T16:21:18 IST" skipped="0">
  <testcase classname="com.hrms.testscripts.TC001" name="tc001" time="5.308">
    <system-out>
      <![CDATA[Application Opened]]>
    </system-out>
  </testcase> <!-- tc001 -->
  <system-out>
    <![CDATA[Application Opened]]>
  </system-out>
</testsuite> <!-- com.hrms.testscripts.TC001 -->
